{"name": "test_check_system_name", "status": "failed", "statusDetails": {"message": "AssertionError: assert '' == 'DGS-1210-10XS/ME'\n  \n  - DGS-1210-10XS/ME", "trace": "self = <tests.test_3_system_settings.TestSystemInformation object at 0x00000229B1382590>, system_settings_page = <pages.SystemSettingsPage.SystemSettingsPage object at 0x00000229B1364340>\n\n    def test_check_system_name(self, system_settings_page):\n        system_settings_page.collapse_system_menu()\n        system_settings_page.click_system_settings_menu()\n        title, value = system_settings_page.get_system_name_title_and_value()\n    \n        assert title == \"System Name\"\n>       assert value == \"DGS-1210-10XS/ME\"\nE       AssertionError: assert '' == 'DGS-1210-10XS/ME'\nE         \nE         - DGS-1210-10XS/ME\n\nsrc\\tests\\test_3_system_settings.py:99: AssertionError"}, "start": 1739772991184, "stop": 1739772991434, "uuid": "8ed983e0-bac7-4e66-b5bc-d2cbc7485d02", "historyId": "bd9363dba70fda1007bfef9d7dd40a69", "testCaseId": "bd9363dba70fda1007bfef9d7dd40a69", "fullName": "src.tests.test_3_system_settings.TestSystemInformation#test_check_system_name", "labels": [{"name": "parentSuite", "value": "src.tests"}, {"name": "suite", "value": "test_3_system_settings"}, {"name": "subSuite", "value": "TestSystemInformation"}, {"name": "host", "value": "Perry"}, {"name": "thread", "value": "14652-MainThread"}, {"name": "framework", "value": "pytest"}, {"name": "language", "value": "cpython3"}, {"name": "package", "value": "src.tests.test_3_system_settings"}]}