{"name": "test_open_page", "status": "failed", "statusDetails": {"message": "AssertionError: Login Error\nassert 'DGS' in '10.90.90.90'", "trace": "self = <tests.test_1_login.TestLogin object at 0x000001D21DBC1E10>, login_page = <pages.LoginPage.LoginPage object at 0x000001D21DC3A770>\n\n    def test_open_page(self, login_page):\n        result = login_page.open()\n    \n>       assert \"DGS\" in result, \"Login Error\"\nE       AssertionError: Login Error\nE       assert 'DGS' in '10.90.90.90'\n\nsrc\\tests\\test_1_login.py:20: AssertionError"}, "start": 1739271890471, "stop": 1739271896246, "uuid": "9c77296d-1aff-4c6a-89b0-404d39a1ece5", "historyId": "49228909dfc7e4e01cc27b8b61742b43", "testCaseId": "49228909dfc7e4e01cc27b8b61742b43", "fullName": "src.tests.test_1_login.TestLogin#test_open_page", "labels": [{"name": "parentSuite", "value": "src.tests"}, {"name": "suite", "value": "test_1_login"}, {"name": "subSuite", "value": "TestLogin"}, {"name": "host", "value": "Perry"}, {"name": "thread", "value": "24784-MainThread"}, {"name": "framework", "value": "pytest"}, {"name": "language", "value": "cpython3"}, {"name": "package", "value": "src.tests.test_1_login"}]}