{"name": "test_check_system_name", "status": "failed", "statusDetails": {"message": "AssertionError: assert None == 'System Name'", "trace": "self = <tests.test_3_system_settings.TestSystemInformation object at 0x000001E86690A470>, system_settings_page = <pages.SystemSettingsPage.SystemSettingsPage object at 0x000001E866A5E890>\n\n    def test_check_system_name(self, system_settings_page):\n        title, value = system_settings_page.get_system_name_title_and_value()\n    \n>       assert title == \"System Name\"\nE       AssertionError: assert None == 'System Name'\n\nsrc\\tests\\test_3_system_settings.py:96: AssertionError"}, "start": 1739771479408, "stop": 1739771560481, "uuid": "cf0b3b77-5396-49b3-b140-9019a23fa21b", "historyId": "bd9363dba70fda1007bfef9d7dd40a69", "testCaseId": "bd9363dba70fda1007bfef9d7dd40a69", "fullName": "src.tests.test_3_system_settings.TestSystemInformation#test_check_system_name", "labels": [{"name": "parentSuite", "value": "src.tests"}, {"name": "suite", "value": "test_3_system_settings"}, {"name": "subSuite", "value": "TestSystemInformation"}, {"name": "host", "value": "Perry"}, {"name": "thread", "value": "17756-MainThread"}, {"name": "framework", "value": "pytest"}, {"name": "language", "value": "cpython3"}, {"name": "package", "value": "src.tests.test_3_system_settings"}]}