{"name": "test_open_page", "status": "failed", "statusDetails": {"message": "AssertionError: Login Error\nassert 'DGS' in '10.90.90.90'", "trace": "self = <tests.test_1_login.TestLogin object at 0x000001DE841B1570>, login_page = <pages.LoginPage.LoginPage object at 0x000001DE8422BF70>\n\n    def test_open_page(self, login_page):\n        result = login_page.open()\n    \n>       assert \"DGS\" in result, \"Login Error\"\nE       AssertionError: Login Error\nE       assert 'DGS' in '10.90.90.90'\n\nsrc\\tests\\test_1_login.py:20: AssertionError"}, "start": 1744589255927, "stop": 1744589298081, "uuid": "cb36bb10-0629-44f1-b0b2-6913e808abed", "historyId": "49228909dfc7e4e01cc27b8b61742b43", "testCaseId": "49228909dfc7e4e01cc27b8b61742b43", "fullName": "src.tests.test_1_login.TestLogin#test_open_page", "labels": [{"name": "parentSuite", "value": "src.tests"}, {"name": "suite", "value": "test_1_login"}, {"name": "subSuite", "value": "TestLogin"}, {"name": "host", "value": "Perry"}, {"name": "thread", "value": "4904-MainThread"}, {"name": "framework", "value": "pytest"}, {"name": "language", "value": "cpython3"}, {"name": "package", "value": "src.tests.test_1_login"}]}