{"name": "test_check_system_name", "status": "failed", "statusDetails": {"message": "AssertionError: assert '' == 'DGS-1210-10XS/ME'\n  \n  - DGS-1210-10XS/ME", "trace": "self = <tests.test_3_system_settings.TestSystemInformation object at 0x000001DE84229F60>, system_settings_page = <pages.SystemSettingsPage.SystemSettingsPage object at 0x000001DE84320190>\n\n    def test_check_system_name(self, system_settings_page):\n        title, value = system_settings_page.get_system_name_title_and_value()\n    \n        assert title == \"System Name\"\n>       assert value == \"DGS-1210-10XS/ME\"\nE       AssertionError: assert '' == 'DGS-1210-10XS/ME'\nE         \nE         - DGS-1210-10XS/ME\n\nsrc\\tests\\test_3_system_settings.py:87: AssertionError"}, "start": 1744589713759, "stop": 1744589713846, "uuid": "383a42cd-6f9f-4696-8af3-5b81610990e9", "historyId": "bd9363dba70fda1007bfef9d7dd40a69", "testCaseId": "bd9363dba70fda1007bfef9d7dd40a69", "fullName": "src.tests.test_3_system_settings.TestSystemInformation#test_check_system_name", "labels": [{"name": "parentSuite", "value": "src.tests"}, {"name": "suite", "value": "test_3_system_settings"}, {"name": "subSuite", "value": "TestSystemInformation"}, {"name": "host", "value": "Perry"}, {"name": "thread", "value": "4904-MainThread"}, {"name": "framework", "value": "pytest"}, {"name": "language", "value": "cpython3"}, {"name": "package", "value": "src.tests.test_3_system_settings"}]}