{"name": "test_check_system_name", "status": "failed", "statusDetails": {"message": "AssertionError: assert '' == 'DGS-1210-10XS/ME'\n  \n  - DGS-1210-10XS/ME", "trace": "self = <src.tests.test_3_system_settings.TestSystemInformation object at 0x0000029D856CA7A0>, system_settings_page = <src.pages.SystemSettingsPage.SystemSettingsPage object at 0x0000029D856F7400>\n\n    def test_check_system_name(self, system_settings_page):\n        title, value = system_settings_page.get_system_name_title_and_value()\n    \n        assert title == \"System Name\"\n>       assert value == \"DGS-1210-10XS/ME\"\nE       AssertionError: assert '' == 'DGS-1210-10XS/ME'\nE         \nE         - DGS-1210-10XS/ME\n\nsrc\\tests\\test_3_system_settings.py:85: AssertionError"}, "start": 1744607807591, "stop": 1744607807681, "uuid": "214276b6-0a23-40e7-9d7c-24d5389670bb", "historyId": "bd9363dba70fda1007bfef9d7dd40a69", "testCaseId": "bd9363dba70fda1007bfef9d7dd40a69", "fullName": "src.tests.test_3_system_settings.TestSystemInformation#test_check_system_name", "labels": [{"name": "parentSuite", "value": "src.tests"}, {"name": "suite", "value": "test_3_system_settings"}, {"name": "subSuite", "value": "TestSystemInformation"}, {"name": "host", "value": "Perry"}, {"name": "thread", "value": "7140-MainThread"}, {"name": "framework", "value": "pytest"}, {"name": "language", "value": "cpython3"}, {"name": "package", "value": "src.tests.test_3_system_settings"}]}