{"name": "test_check_system_name", "status": "failed", "statusDetails": {"message": "AssertionError: assert '' == 'DGS-1210-10XS/ME'\n  \n  - DGS-1210-10XS/ME", "trace": "self = <tests.test_3_system_settings.TestSystemInformation object at 0x000002612B42F730>, system_settings_page = <pages.SystemSettingsPage.SystemSettingsPage object at 0x000002612B544F10>\n\n    def test_check_system_name(self, system_settings_page):\n        title, value = system_settings_page.get_system_name_title_and_value()\n    \n        assert title == \"System Name\"\n>       assert value == \"DGS-1210-10XS/ME\"\nE       AssertionError: assert '' == 'DGS-1210-10XS/ME'\nE         \nE         - DGS-1210-10XS/ME\n\nsrc\\tests\\test_3_system_settings.py:87: AssertionError"}, "start": 1744589850159, "stop": 1744589850248, "uuid": "d7a3e399-fe2f-49e3-acc2-a34bf2f6b021", "historyId": "bd9363dba70fda1007bfef9d7dd40a69", "testCaseId": "bd9363dba70fda1007bfef9d7dd40a69", "fullName": "src.tests.test_3_system_settings.TestSystemInformation#test_check_system_name", "labels": [{"name": "parentSuite", "value": "src.tests"}, {"name": "suite", "value": "test_3_system_settings"}, {"name": "subSuite", "value": "TestSystemInformation"}, {"name": "host", "value": "Perry"}, {"name": "thread", "value": "1604-MainThread"}, {"name": "framework", "value": "pytest"}, {"name": "language", "value": "cpython3"}, {"name": "package", "value": "src.tests.test_3_system_settings"}]}