{"name": "test_check_system_name", "status": "failed", "statusDetails": {"message": "AssertionError: assert None == 'System Name'", "trace": "self = <tests.test_3_system_settings.TestSystemInformation object at 0x000001CFD4C5A3B0>, system_settings_page = <pages.SystemSettingsPage.SystemSettingsPage object at 0x000001CFD4EB3190>\n\n    def test_check_system_name(self, system_settings_page):\n        title, value = system_settings_page.get_system_name_title_and_value()\n    \n>       assert title == \"System Name\"\nE       AssertionError: assert None == 'System Name'\n\nsrc\\tests\\test_3_system_settings.py:96: AssertionError"}, "start": 1739771414626, "stop": 1739771414634, "uuid": "0ac90507-efdd-46de-a031-34dca1505dd3", "historyId": "bd9363dba70fda1007bfef9d7dd40a69", "testCaseId": "bd9363dba70fda1007bfef9d7dd40a69", "fullName": "src.tests.test_3_system_settings.TestSystemInformation#test_check_system_name", "labels": [{"name": "parentSuite", "value": "src.tests"}, {"name": "suite", "value": "test_3_system_settings"}, {"name": "subSuite", "value": "TestSystemInformation"}, {"name": "host", "value": "Perry"}, {"name": "thread", "value": "23248-MainThread"}, {"name": "framework", "value": "pytest"}, {"name": "language", "value": "cpython3"}, {"name": "package", "value": "src.tests.test_3_system_settings"}]}