{"name": "test_collapse_system_menu_then_click_system_settings", "status": "failed", "statusDetails": {"message": "AssertionError: error while init firmware information\nassert None", "trace": "self = <tests.test_4_firmware_information.TestIPInformation object at 0x000001DA8983CD30>, firmware_information_page = <pages.FirmwareInformationPage.FirmwareInformationPage object at 0x000001DA898953F0>\n\n    def test_collapse_system_menu_then_click_system_settings(self, firmware_information_page):\n        res = firmware_information_page.init()\n>       assert res, \"error while init firmware information\"\nE       AssertionError: error while init firmware information\nE       assert None\n\nsrc\\tests\\test_4_firmware_information.py:17: AssertionError"}, "start": 1743501867488, "stop": 1743501867966, "uuid": "2a9a9bca-487c-441c-8108-779d17c028fd", "historyId": "ff8b0f29439053fd3e24cea9599a806a", "testCaseId": "ff8b0f29439053fd3e24cea9599a806a", "fullName": "src.tests.test_4_firmware_information.TestIPInformation#test_collapse_system_menu_then_click_system_settings", "labels": [{"name": "parentSuite", "value": "src.tests"}, {"name": "suite", "value": "test_4_firmware_information"}, {"name": "subSuite", "value": "TestIPInformation"}, {"name": "host", "value": "Perry"}, {"name": "thread", "value": "10688-MainThread"}, {"name": "framework", "value": "pytest"}, {"name": "language", "value": "cpython3"}, {"name": "package", "value": "src.tests.test_4_firmware_information"}]}