{"name": "test_open_page", "status": "failed", "statusDetails": {"message": "AssertionError: Login Error\nassert 'DGS' in ''", "trace": "self = <src.tests.test_1_login.TestLogin object at 0x000001F348CE2B90>, login_page = <src.pages.LoginPage.LoginPage object at 0x000001F348DAE9B0>\n\n    def test_open_page(self, login_page):\n        result = login_page.open()\n    \n>       assert \"DGS\" in result, \"Login Error\"\nE       AssertionError: Login Error\nE       assert 'DGS' in ''\n\nsrc\\tests\\test_1_login.py:20: AssertionError"}, "start": 1744611990407, "stop": 1744611991136, "uuid": "678d3823-a906-4670-978e-f67e1ed99df9", "historyId": "49228909dfc7e4e01cc27b8b61742b43", "testCaseId": "49228909dfc7e4e01cc27b8b61742b43", "fullName": "src.tests.test_1_login.TestLogin#test_open_page", "labels": [{"name": "parentSuite", "value": "src.tests"}, {"name": "suite", "value": "test_1_login"}, {"name": "subSuite", "value": "TestLogin"}, {"name": "host", "value": "Perry"}, {"name": "thread", "value": "15516-MainThread"}, {"name": "framework", "value": "pytest"}, {"name": "language", "value": "cpython3"}, {"name": "package", "value": "src.tests.test_1_login"}]}